SF:lib\common\data.dart
DA:15,1
DA:19,0
DA:20,0
DA:21,0
DA:22,0
DA:23,0
DA:24,0
DA:25,0
DA:26,0
DA:27,0
DA:28,0
DA:29,0
DA:30,0
DA:31,0
DA:35,1
DA:36,1
DA:50,1
DA:51,1
DA:52,1
DA:53,1
DA:54,1
DA:55,1
DA:56,1
DA:57,1
DA:58,1
DA:59,1
DA:60,1
DA:61,1
LF:28
LH:15
end_of_record
SF:lib\common\firebase_options.dart
DA:18,0
DA:22,0
DA:23,0
DA:25,0
DA:27,0
DA:28,0
DA:32,0
DA:33,0
DA:37,0
DA:38,0
DA:43,0
LF:11
LH:0
end_of_record
SF:lib\common\router.dart
DA:15,3
DA:16,3
DA:18,3
DA:20,1
DA:21,1
DA:22,1
DA:24,1
DA:28,1
DA:30,1
DA:34,1
DA:36,0
DA:37,0
DA:38,0
DA:41,1
DA:43,0
DA:44,0
DA:45,0
DA:48,1
DA:50,0
DA:54,1
DA:56,0
DA:57,0
DA:58,0
DA:59,0
DA:60,0
DA:61,0
DA:64,1
DA:65,1
DA:66,0
DA:67,0
DA:68,0
DA:72,1
DA:73,1
DA:75,1
DA:76,0
DA:80,1
DA:82,1
DA:83,0
LF:38
LH:20
end_of_record
SF:lib\common\nav_notifier.dart
DA:6,2
DA:8,1
DA:9,1
DA:10,1
LF:4
LH:4
end_of_record
SF:lib\edit_profile_page.dart
DA:8,2
DA:10,1
DA:11,1
DA:25,1
DA:27,1
DA:28,1
DA:31,1
DA:32,3
DA:33,3
DA:34,2
DA:35,2
DA:36,2
DA:37,3
DA:38,3
DA:39,3
DA:40,3
DA:44,0
DA:45,0
DA:46,0
DA:47,0
DA:48,0
DA:53,0
DA:54,0
DA:55,0
DA:56,0
DA:58,0
DA:59,0
DA:60,0
DA:62,0
DA:63,0
DA:67,1
DA:68,2
DA:69,1
DA:71,0
DA:75,1
DA:78,1
DA:79,1
DA:80,3
DA:82,1
DA:84,0
DA:85,0
DA:90,1
DA:91,1
DA:92,1
DA:93,1
DA:94,1
DA:95,1
DA:96,1
DA:98,1
DA:100,1
DA:101,1
DA:103,1
DA:104,4
DA:109,1
DA:110,1
DA:111,0
DA:112,0
DA:114,1
DA:115,1
DA:116,1
DA:117,1
DA:125,1
DA:127,1
DA:129,1
DA:131,0
DA:132,0
DA:136,1
DA:137,0
DA:138,0
DA:146,1
DA:148,1
DA:150,1
DA:152,0
DA:153,0
DA:157,1
DA:158,0
DA:159,0
DA:168,1
DA:170,1
DA:172,1
DA:174,0
DA:175,0
DA:179,1
DA:180,0
DA:181,0
DA:190,1
DA:191,1
DA:200,1
DA:201,0
DA:202,0
DA:203,0
DA:204,0
DA:206,0
DA:207,0
DA:208,0
DA:210,0
DA:224,1
DA:225,1
DA:226,0
DA:227,0
DA:228,0
DA:229,0
DA:232,1
DA:233,1
DA:234,1
DA:235,1
DA:238,1
DA:239,1
DA:246,1
DA:247,2
LF:110
LH:67
end_of_record
SF:lib\widget_profile.dart
DA:12,3
DA:14,1
DA:15,1
DA:22,1
DA:24,1
DA:25,1
DA:28,1
DA:29,2
DA:30,1
DA:31,3
DA:33,3
DA:34,8
DA:35,2
DA:36,1
DA:40,0
DA:41,0
DA:42,0
DA:43,0
DA:47,0
DA:48,0
DA:49,0
DA:51,0
DA:52,0
DA:54,0
DA:55,0
DA:59,1
DA:60,1
DA:61,0
DA:63,1
DA:66,1
DA:68,3
DA:73,1
DA:74,0
DA:75,0
DA:76,0
DA:79,1
DA:80,1
DA:81,1
DA:82,1
DA:85,1
DA:86,1
DA:94,1
DA:96,1
DA:97,1
DA:100,1
DA:101,1
DA:102,4
DA:103,1
DA:106,1
DA:108,1
DA:110,1
DA:111,3
DA:114,3
DA:116,8
DA:118,3
DA:124,1
DA:125,4
DA:126,1
DA:128,1
DA:129,1
DA:132,1
DA:135,3
DA:136,1
DA:137,1
DA:138,4
DA:144,1
DA:145,4
DA:146,1
DA:149,1
DA:152,1
DA:156,3
DA:163,1
DA:164,4
DA:165,1
LF:74
LH:59
end_of_record
SF:lib\common\db.dart
DA:8,0
DA:10,0
DA:11,0
DA:12,0
DA:15,0
DA:16,0
DA:17,0
DA:18,0
DA:19,0
DA:24,0
DA:25,0
DA:26,0
DA:27,0
DA:28,0
DA:30,0
DA:33,0
DA:34,0
DA:35,0
DA:37,0
DA:38,0
DA:39,0
DA:40,0
DA:41,0
DA:42,0
DA:46,0
DA:47,0
DA:48,0
DA:50,0
DA:57,0
DA:58,0
DA:59,0
DA:61,0
LF:32
LH:0
end_of_record
SF:lib\main.dart
DA:12,0
DA:13,0
DA:14,0
DA:15,0
DA:17,0
DA:21,1
DA:24,0
DA:26,0
DA:27,0
DA:28,0
DA:29,0
DA:31,0
DA:33,0
DA:34,0
DA:35,0
DA:37,0
DA:38,0
DA:41,0
LF:18
LH:1
end_of_record
SF:lib\all_profiles_page.dart
DA:9,2
DA:11,1
DA:12,1
DA:20,1
DA:22,1
DA:23,1
DA:26,1
DA:27,3
DA:28,5
DA:29,2
DA:30,1
DA:31,3
DA:32,5
DA:36,1
DA:37,1
DA:38,0
DA:40,6
DA:43,1
DA:45,2
DA:57,1
DA:58,1
DA:59,4
DA:60,1
DA:61,1
DA:62,1
DA:63,3
DA:65,1
DA:68,1
DA:70,1
DA:71,1
DA:72,1
DA:74,2
DA:77,1
DA:78,1
DA:79,1
DA:80,1
DA:81,1
DA:89,1
DA:90,1
DA:104,1
LF:40
LH:39
end_of_record
SF:lib\login_page.dart
DA:6,2
DA:8,1
DA:9,1
DA:18,0
DA:20,0
DA:21,0
DA:22,0
DA:24,0
DA:25,0
DA:26,0
DA:27,0
DA:28,0
DA:29,0
DA:30,0
DA:31,0
DA:32,0
DA:34,0
DA:35,0
DA:40,1
DA:42,1
DA:43,1
DA:44,3
DA:47,1
DA:48,1
DA:49,1
DA:50,1
DA:51,1
DA:52,1
DA:53,1
DA:55,1
DA:57,1
DA:58,1
DA:60,1
DA:61,4
DA:71,1
DA:73,1
DA:75,1
DA:77,1
DA:79,1
DA:80,2
DA:84,1
DA:85,1
DA:87,1
DA:88,2
DA:96,1
DA:98,1
DA:100,1
DA:102,1
DA:104,1
DA:105,2
DA:110,1
DA:111,1
DA:112,3
DA:120,1
DA:122,1
DA:123,1
DA:124,1
DA:125,3
DA:126,0
DA:127,0
DA:130,1
DA:131,1
DA:132,1
DA:133,1
DA:136,1
DA:137,1
DA:146,1
DA:147,2
DA:154,1
DA:156,1
DA:158,1
DA:160,1
DA:161,1
DA:162,2
LF:74
LH:57
end_of_record
SF:lib\registration_page.dart
DA:10,2
DA:12,1
DA:13,1
DA:29,0
DA:30,0
DA:31,0
DA:33,0
DA:37,0
DA:38,0
DA:40,0
DA:41,0
DA:42,0
DA:45,0
DA:46,0
DA:47,0
DA:48,0
DA:49,0
DA:50,0
DA:51,0
DA:52,0
DA:57,0
DA:59,0
DA:60,0
DA:61,0
DA:62,0
DA:63,0
DA:64,0
DA:65,0
DA:66,0
DA:67,0
DA:70,0
DA:71,0
DA:75,0
DA:76,0
DA:77,0
DA:78,0
DA:79,0
DA:84,1
DA:85,2
DA:86,1
DA:88,0
DA:92,1
DA:95,1
DA:96,1
DA:97,3
DA:99,1
DA:101,0
DA:102,0
DA:107,1
DA:108,1
DA:109,1
DA:110,1
DA:111,1
DA:112,1
DA:113,1
DA:115,1
DA:117,1
DA:118,1
DA:120,1
DA:121,4
DA:126,1
DA:127,1
DA:128,0
DA:129,0
DA:131,1
DA:132,1
DA:133,1
DA:134,1
DA:142,1
DA:144,1
DA:146,1
DA:148,1
DA:149,2
DA:153,1
DA:154,0
DA:155,0
DA:162,1
DA:164,1
DA:166,1
DA:168,1
DA:169,2
DA:173,1
DA:174,0
DA:175,0
DA:182,1
DA:184,1
DA:186,1
DA:188,1
DA:189,2
DA:194,1
DA:195,0
DA:196,0
DA:205,1
DA:207,1
DA:209,1
DA:211,0
DA:212,0
DA:216,1
DA:217,0
DA:218,0
DA:227,1
DA:229,1
DA:231,1
DA:233,0
DA:234,0
DA:238,1
DA:239,0
DA:240,0
DA:249,1
DA:250,1
DA:259,1
DA:260,0
DA:261,0
DA:262,0
DA:263,0
DA:265,0
DA:266,0
DA:267,0
DA:269,0
DA:283,1
DA:284,1
DA:285,0
DA:286,0
DA:287,0
DA:288,0
DA:291,1
DA:292,1
DA:293,1
DA:294,1
DA:297,1
DA:298,1
DA:305,1
DA:306,2
DA:312,1
DA:314,1
DA:316,1
DA:318,1
DA:319,0
DA:320,0
LF:139
LH:72
end_of_record
SF:lib\upload_image_page.dart
DA:11,1
DA:13,1
DA:14,1
DA:23,0
DA:24,0
DA:27,0
DA:31,0
DA:32,0
DA:35,0
DA:39,0
DA:40,0
DA:41,0
DA:44,0
DA:47,0
DA:48,0
DA:54,0
DA:57,0
DA:58,0
DA:74,0
DA:75,0
DA:80,0
DA:81,0
DA:82,0
DA:84,0
DA:85,0
DA:86,0
DA:87,0
DA:88,0
DA:89,0
DA:90,0
DA:93,0
DA:94,0
DA:99,1
DA:100,1
DA:101,4
DA:102,0
DA:104,0
DA:108,1
DA:111,1
DA:112,1
DA:115,1
DA:117,0
DA:118,0
DA:123,1
DA:124,1
DA:125,1
DA:128,1
DA:129,1
DA:130,3
DA:131,3
DA:132,1
DA:135,1
DA:136,1
DA:137,1
DA:138,1
DA:144,1
DA:145,1
DA:151,1
DA:152,1
DA:155,1
LF:60
LH:27
end_of_record
SF:lib\home_nav_bar.dart
DA:10,1
DA:12,1
DA:13,1
DA:19,0
DA:20,0
DA:21,0
DA:24,0
DA:25,0
DA:26,0
DA:29,1
DA:31,1
DA:32,1
DA:33,3
DA:35,1
DA:36,1
DA:38,0
DA:39,0
DA:44,2
DA:45,1
DA:56,2
DA:57,1
DA:58,0
DA:59,0
LF:23
LH:13
end_of_record
SF:lib\user_profile_page.dart
DA:7,2
DA:9,1
DA:11,1
DA:12,1
DA:13,3
DA:15,1
DA:17,0
DA:18,0
DA:22,1
DA:23,1
DA:24,2
LF:11
LH:9
end_of_record
SF:lib\map_page.dart
DA:13,1
DA:15,1
DA:16,1
DA:28,0
DA:30,0
DA:31,0
DA:32,0
DA:35,0
DA:36,0
DA:37,0
DA:39,0
DA:40,0
DA:41,0
DA:42,0
DA:43,0
DA:45,0
DA:46,0
DA:47,0
DA:48,0
DA:51,0
DA:52,0
DA:53,0
DA:54,0
DA:57,0
DA:60,0
DA:64,0
DA:65,0
DA:66,0
DA:67,0
DA:71,1
DA:72,8
DA:76,1
DA:77,3
DA:83,1
DA:85,1
DA:86,1
DA:87,1
DA:88,1
DA:89,1
DA:90,1
DA:92,0
DA:93,0
DA:94,0
DA:99,1
DA:100,1
DA:101,1
DA:102,3
DA:103,1
DA:105,1
DA:106,1
DA:107,1
DA:108,1
DA:109,1
DA:110,1
DA:112,1
DA:114,0
DA:115,0
DA:122,1
DA:123,1
DA:130,1
DA:131,1
DA:132,0
DA:133,0
DA:134,0
DA:137,1
DA:138,1
DA:139,2
DA:140,1
LF:68
LH:34
end_of_record
SF:lib\my_profile_page.dart
DA:6,1
DA:8,0
DA:10,0
LF:3
LH:1
end_of_record
